<?xml version="1.0" encoding="UTF-8"?>
<testsuite xmlns:xsi="http://www.w3.org/2001/XMLSchema-instance" xsi:noNamespaceSchemaLocation="https://maven.apache.org/surefire/maven-surefire-plugin/xsd/surefire-test-report-3.0.xsd" version="3.0" name="Service.elasticsearchContainer.createIndexAPITests" time="2.329" tests="3" errors="0" skipped="0" failures="0">
  <properties>
    <property name="sun.desktop" value="windows"/>
    <property name="awt.toolkit" value="sun.awt.windows.WToolkit"/>
    <property name="file.encoding.pkg" value="sun.io"/>
    <property name="java.specification.version" value="1.8"/>
    <property name="sun.cpu.isalist" value="amd64"/>
    <property name="sun.jnu.encoding" value="Cp1255"/>
    <property name="java.class.path" value="C:\Users\lidam\Desktop\projects\cynet\docker-code\elasticsearchContainer\target\test-classes;C:\Users\lidam\Desktop\projects\cynet\docker-code\elasticsearchContainer\target\classes;C:\Users\lidam\.m2\repository\org\elasticsearch\elasticsearch\7.9.3\elasticsearch-7.9.3.jar;C:\Users\lidam\.m2\repository\org\elasticsearch\elasticsearch-core\7.9.3\elasticsearch-core-7.9.3.jar;C:\Users\lidam\.m2\repository\org\elasticsearch\elasticsearch-secure-sm\7.9.3\elasticsearch-secure-sm-7.9.3.jar;C:\Users\lidam\.m2\repository\org\elasticsearch\elasticsearch-x-content\7.9.3\elasticsearch-x-content-7.9.3.jar;C:\Users\lidam\.m2\repository\org\yaml\snakeyaml\1.26\snakeyaml-1.26.jar;C:\Users\lidam\.m2\repository\com\fasterxml\jackson\dataformat\jackson-dataformat-smile\2.10.4\jackson-dataformat-smile-2.10.4.jar;C:\Users\lidam\.m2\repository\com\fasterxml\jackson\dataformat\jackson-dataformat-yaml\2.10.4\jackson-dataformat-yaml-2.10.4.jar;C:\Users\lidam\.m2\repository\com\fasterxml\jackson\dataformat\jackson-dataformat-cbor\2.10.4\jackson-dataformat-cbor-2.10.4.jar;C:\Users\lidam\.m2\repository\org\elasticsearch\elasticsearch-geo\7.9.3\elasticsearch-geo-7.9.3.jar;C:\Users\lidam\.m2\repository\org\apache\lucene\lucene-core\8.6.2\lucene-core-8.6.2.jar;C:\Users\lidam\.m2\repository\org\apache\lucene\lucene-analyzers-common\8.6.2\lucene-analyzers-common-8.6.2.jar;C:\Users\lidam\.m2\repository\org\apache\lucene\lucene-backward-codecs\8.6.2\lucene-backward-codecs-8.6.2.jar;C:\Users\lidam\.m2\repository\org\apache\lucene\lucene-grouping\8.6.2\lucene-grouping-8.6.2.jar;C:\Users\lidam\.m2\repository\org\apache\lucene\lucene-highlighter\8.6.2\lucene-highlighter-8.6.2.jar;C:\Users\lidam\.m2\repository\org\apache\lucene\lucene-join\8.6.2\lucene-join-8.6.2.jar;C:\Users\lidam\.m2\repository\org\apache\lucene\lucene-memory\8.6.2\lucene-memory-8.6.2.jar;C:\Users\lidam\.m2\repository\org\apache\lucene\lucene-misc\8.6.2\lucene-misc-8.6.2.jar;C:\Users\lidam\.m2\repository\org\apache\lucene\lucene-queries\8.6.2\lucene-queries-8.6.2.jar;C:\Users\lidam\.m2\repository\org\apache\lucene\lucene-queryparser\8.6.2\lucene-queryparser-8.6.2.jar;C:\Users\lidam\.m2\repository\org\apache\lucene\lucene-sandbox\8.6.2\lucene-sandbox-8.6.2.jar;C:\Users\lidam\.m2\repository\org\apache\lucene\lucene-spatial-extras\8.6.2\lucene-spatial-extras-8.6.2.jar;C:\Users\lidam\.m2\repository\org\apache\lucene\lucene-spatial3d\8.6.2\lucene-spatial3d-8.6.2.jar;C:\Users\lidam\.m2\repository\org\apache\lucene\lucene-suggest\8.6.2\lucene-suggest-8.6.2.jar;C:\Users\lidam\.m2\repository\org\elasticsearch\elasticsearch-cli\7.9.3\elasticsearch-cli-7.9.3.jar;C:\Users\lidam\.m2\repository\net\sf\jopt-simple\jopt-simple\5.0.2\jopt-simple-5.0.2.jar;C:\Users\lidam\.m2\repository\com\carrotsearch\hppc\0.8.1\hppc-0.8.1.jar;C:\Users\lidam\.m2\repository\joda-time\joda-time\2.10.4\joda-time-2.10.4.jar;C:\Users\lidam\.m2\repository\com\tdunning\t-digest\3.2\t-digest-3.2.jar;C:\Users\lidam\.m2\repository\org\hdrhistogram\HdrHistogram\2.1.9\HdrHistogram-2.1.9.jar;C:\Users\lidam\.m2\repository\org\apache\logging\log4j\log4j-api\2.11.1\log4j-api-2.11.1.jar;C:\Users\lidam\.m2\repository\org\elasticsearch\jna\5.5.0\jna-5.5.0.jar;C:\Users\lidam\.m2\repository\org\elasticsearch\client\elasticsearch-rest-high-level-client\7.9.3\elasticsearch-rest-high-level-client-7.9.3.jar;C:\Users\lidam\.m2\repository\org\elasticsearch\client\elasticsearch-rest-client\7.9.3\elasticsearch-rest-client-7.9.3.jar;C:\Users\lidam\.m2\repository\org\apache\httpcomponents\httpclient\4.5.10\httpclient-4.5.10.jar;C:\Users\lidam\.m2\repository\org\apache\httpcomponents\httpcore\4.4.12\httpcore-4.4.12.jar;C:\Users\lidam\.m2\repository\org\apache\httpcomponents\httpasyncclient\4.1.4\httpasyncclient-4.1.4.jar;C:\Users\lidam\.m2\repository\org\apache\httpcomponents\httpcore-nio\4.4.12\httpcore-nio-4.4.12.jar;C:\Users\lidam\.m2\repository\org\elasticsearch\plugin\mapper-extras-client\7.9.3\mapper-extras-client-7.9.3.jar;C:\Users\lidam\.m2\repository\org\elasticsearch\plugin\parent-join-client\7.9.3\parent-join-client-7.9.3.jar;C:\Users\lidam\.m2\repository\org\elasticsearch\plugin\aggs-matrix-stats-client\7.9.3\aggs-matrix-stats-client-7.9.3.jar;C:\Users\lidam\.m2\repository\org\elasticsearch\plugin\rank-eval-client\7.9.3\rank-eval-client-7.9.3.jar;C:\Users\lidam\.m2\repository\org\elasticsearch\plugin\lang-mustache-client\7.9.3\lang-mustache-client-7.9.3.jar;C:\Users\lidam\.m2\repository\com\github\spullara\mustache\java\compiler\0.9.6\compiler-0.9.6.jar;C:\Users\lidam\.m2\repository\com\fasterxml\jackson\core\jackson-databind\2.9.4\jackson-databind-2.9.4.jar;C:\Users\lidam\.m2\repository\com\fasterxml\jackson\core\jackson-annotations\2.9.0\jackson-annotations-2.9.0.jar;C:\Users\lidam\.m2\repository\com\fasterxml\jackson\core\jackson-core\2.9.4\jackson-core-2.9.4.jar;C:\Users\lidam\.m2\repository\junit\junit\4.12\junit-4.12.jar;C:\Users\lidam\.m2\repository\org\hamcrest\hamcrest-core\1.3\hamcrest-core-1.3.jar;C:\Users\lidam\.m2\repository\org\elasticsearch\test\framework\7.9.3\framework-7.9.3.jar;C:\Users\lidam\.m2\repository\org\elasticsearch\client\elasticsearch-rest-client-sniffer\7.9.3\elasticsearch-rest-client-sniffer-7.9.3.jar;C:\Users\lidam\.m2\repository\org\elasticsearch\elasticsearch-nio\7.9.3\elasticsearch-nio-7.9.3.jar;C:\Users\lidam\.m2\repository\com\carrotsearch\randomizedtesting\randomizedtesting-runner\2.7.1\randomizedtesting-runner-2.7.1.jar;C:\Users\lidam\.m2\repository\org\hamcrest\hamcrest\2.1\hamcrest-2.1.jar;C:\Users\lidam\.m2\repository\org\apache\lucene\lucene-test-framework\8.6.2\lucene-test-framework-8.6.2.jar;C:\Users\lidam\.m2\repository\org\apache\lucene\lucene-codecs\8.6.2\lucene-codecs-8.6.2.jar;C:\Users\lidam\.m2\repository\commons-logging\commons-logging\1.1.3\commons-logging-1.1.3.jar;C:\Users\lidam\.m2\repository\commons-codec\commons-codec\1.11\commons-codec-1.11.jar;C:\Users\lidam\.m2\repository\org\elasticsearch\securemock\1.2\securemock-1.2.jar;C:\Users\lidam\.m2\repository\org\elasticsearch\mocksocket\1.2\mocksocket-1.2.jar;"/>
    <property name="java.vm.vendor" value="Oracle Corporation"/>
    <property name="sun.arch.data.model" value="64"/>
    <property name="user.variant" value=""/>
    <property name="java.vendor.url" value="http://java.oracle.com/"/>
    <property name="user.timezone" value="Asia/Jerusalem"/>
    <property name="java.vm.specification.version" value="1.8"/>
    <property name="os.name" value="Windows 10"/>
    <property name="user.country" value="US"/>
    <property name="sun.java.launcher" value="SUN_STANDARD"/>
    <property name="sun.boot.library.path" value="C:\Program Files\Java\jdk1.8.0_231\jre\bin"/>
    <property name="sun.java.command" value="C:\Users\lidam\AppData\Local\Temp\surefire6306804977964842945\surefirebooter1230323707945555146.jar C:\Users\lidam\AppData\Local\Temp\surefire6306804977964842945 2020-12-07T15-33-46_841-jvmRun1 surefire1878230829203422021tmp surefire_01865033419732908932tmp"/>
    <property name="surefire.test.class.path" value="C:\Users\lidam\Desktop\projects\cynet\docker-code\elasticsearchContainer\target\test-classes;C:\Users\lidam\Desktop\projects\cynet\docker-code\elasticsearchContainer\target\classes;C:\Users\lidam\.m2\repository\org\elasticsearch\elasticsearch\7.9.3\elasticsearch-7.9.3.jar;C:\Users\lidam\.m2\repository\org\elasticsearch\elasticsearch-core\7.9.3\elasticsearch-core-7.9.3.jar;C:\Users\lidam\.m2\repository\org\elasticsearch\elasticsearch-secure-sm\7.9.3\elasticsearch-secure-sm-7.9.3.jar;C:\Users\lidam\.m2\repository\org\elasticsearch\elasticsearch-x-content\7.9.3\elasticsearch-x-content-7.9.3.jar;C:\Users\lidam\.m2\repository\org\yaml\snakeyaml\1.26\snakeyaml-1.26.jar;C:\Users\lidam\.m2\repository\com\fasterxml\jackson\dataformat\jackson-dataformat-smile\2.10.4\jackson-dataformat-smile-2.10.4.jar;C:\Users\lidam\.m2\repository\com\fasterxml\jackson\dataformat\jackson-dataformat-yaml\2.10.4\jackson-dataformat-yaml-2.10.4.jar;C:\Users\lidam\.m2\repository\com\fasterxml\jackson\dataformat\jackson-dataformat-cbor\2.10.4\jackson-dataformat-cbor-2.10.4.jar;C:\Users\lidam\.m2\repository\org\elasticsearch\elasticsearch-geo\7.9.3\elasticsearch-geo-7.9.3.jar;C:\Users\lidam\.m2\repository\org\apache\lucene\lucene-core\8.6.2\lucene-core-8.6.2.jar;C:\Users\lidam\.m2\repository\org\apache\lucene\lucene-analyzers-common\8.6.2\lucene-analyzers-common-8.6.2.jar;C:\Users\lidam\.m2\repository\org\apache\lucene\lucene-backward-codecs\8.6.2\lucene-backward-codecs-8.6.2.jar;C:\Users\lidam\.m2\repository\org\apache\lucene\lucene-grouping\8.6.2\lucene-grouping-8.6.2.jar;C:\Users\lidam\.m2\repository\org\apache\lucene\lucene-highlighter\8.6.2\lucene-highlighter-8.6.2.jar;C:\Users\lidam\.m2\repository\org\apache\lucene\lucene-join\8.6.2\lucene-join-8.6.2.jar;C:\Users\lidam\.m2\repository\org\apache\lucene\lucene-memory\8.6.2\lucene-memory-8.6.2.jar;C:\Users\lidam\.m2\repository\org\apache\lucene\lucene-misc\8.6.2\lucene-misc-8.6.2.jar;C:\Users\lidam\.m2\repository\org\apache\lucene\lucene-queries\8.6.2\lucene-queries-8.6.2.jar;C:\Users\lidam\.m2\repository\org\apache\lucene\lucene-queryparser\8.6.2\lucene-queryparser-8.6.2.jar;C:\Users\lidam\.m2\repository\org\apache\lucene\lucene-sandbox\8.6.2\lucene-sandbox-8.6.2.jar;C:\Users\lidam\.m2\repository\org\apache\lucene\lucene-spatial-extras\8.6.2\lucene-spatial-extras-8.6.2.jar;C:\Users\lidam\.m2\repository\org\apache\lucene\lucene-spatial3d\8.6.2\lucene-spatial3d-8.6.2.jar;C:\Users\lidam\.m2\repository\org\apache\lucene\lucene-suggest\8.6.2\lucene-suggest-8.6.2.jar;C:\Users\lidam\.m2\repository\org\elasticsearch\elasticsearch-cli\7.9.3\elasticsearch-cli-7.9.3.jar;C:\Users\lidam\.m2\repository\net\sf\jopt-simple\jopt-simple\5.0.2\jopt-simple-5.0.2.jar;C:\Users\lidam\.m2\repository\com\carrotsearch\hppc\0.8.1\hppc-0.8.1.jar;C:\Users\lidam\.m2\repository\joda-time\joda-time\2.10.4\joda-time-2.10.4.jar;C:\Users\lidam\.m2\repository\com\tdunning\t-digest\3.2\t-digest-3.2.jar;C:\Users\lidam\.m2\repository\org\hdrhistogram\HdrHistogram\2.1.9\HdrHistogram-2.1.9.jar;C:\Users\lidam\.m2\repository\org\apache\logging\log4j\log4j-api\2.11.1\log4j-api-2.11.1.jar;C:\Users\lidam\.m2\repository\org\elasticsearch\jna\5.5.0\jna-5.5.0.jar;C:\Users\lidam\.m2\repository\org\elasticsearch\client\elasticsearch-rest-high-level-client\7.9.3\elasticsearch-rest-high-level-client-7.9.3.jar;C:\Users\lidam\.m2\repository\org\elasticsearch\client\elasticsearch-rest-client\7.9.3\elasticsearch-rest-client-7.9.3.jar;C:\Users\lidam\.m2\repository\org\apache\httpcomponents\httpclient\4.5.10\httpclient-4.5.10.jar;C:\Users\lidam\.m2\repository\org\apache\httpcomponents\httpcore\4.4.12\httpcore-4.4.12.jar;C:\Users\lidam\.m2\repository\org\apache\httpcomponents\httpasyncclient\4.1.4\httpasyncclient-4.1.4.jar;C:\Users\lidam\.m2\repository\org\apache\httpcomponents\httpcore-nio\4.4.12\httpcore-nio-4.4.12.jar;C:\Users\lidam\.m2\repository\org\elasticsearch\plugin\mapper-extras-client\7.9.3\mapper-extras-client-7.9.3.jar;C:\Users\lidam\.m2\repository\org\elasticsearch\plugin\parent-join-client\7.9.3\parent-join-client-7.9.3.jar;C:\Users\lidam\.m2\repository\org\elasticsearch\plugin\aggs-matrix-stats-client\7.9.3\aggs-matrix-stats-client-7.9.3.jar;C:\Users\lidam\.m2\repository\org\elasticsearch\plugin\rank-eval-client\7.9.3\rank-eval-client-7.9.3.jar;C:\Users\lidam\.m2\repository\org\elasticsearch\plugin\lang-mustache-client\7.9.3\lang-mustache-client-7.9.3.jar;C:\Users\lidam\.m2\repository\com\github\spullara\mustache\java\compiler\0.9.6\compiler-0.9.6.jar;C:\Users\lidam\.m2\repository\com\fasterxml\jackson\core\jackson-databind\2.9.4\jackson-databind-2.9.4.jar;C:\Users\lidam\.m2\repository\com\fasterxml\jackson\core\jackson-annotations\2.9.0\jackson-annotations-2.9.0.jar;C:\Users\lidam\.m2\repository\com\fasterxml\jackson\core\jackson-core\2.9.4\jackson-core-2.9.4.jar;C:\Users\lidam\.m2\repository\junit\junit\4.12\junit-4.12.jar;C:\Users\lidam\.m2\repository\org\hamcrest\hamcrest-core\1.3\hamcrest-core-1.3.jar;C:\Users\lidam\.m2\repository\org\elasticsearch\test\framework\7.9.3\framework-7.9.3.jar;C:\Users\lidam\.m2\repository\org\elasticsearch\client\elasticsearch-rest-client-sniffer\7.9.3\elasticsearch-rest-client-sniffer-7.9.3.jar;C:\Users\lidam\.m2\repository\org\elasticsearch\elasticsearch-nio\7.9.3\elasticsearch-nio-7.9.3.jar;C:\Users\lidam\.m2\repository\com\carrotsearch\randomizedtesting\randomizedtesting-runner\2.7.1\randomizedtesting-runner-2.7.1.jar;C:\Users\lidam\.m2\repository\org\hamcrest\hamcrest\2.1\hamcrest-2.1.jar;C:\Users\lidam\.m2\repository\org\apache\lucene\lucene-test-framework\8.6.2\lucene-test-framework-8.6.2.jar;C:\Users\lidam\.m2\repository\org\apache\lucene\lucene-codecs\8.6.2\lucene-codecs-8.6.2.jar;C:\Users\lidam\.m2\repository\commons-logging\commons-logging\1.1.3\commons-logging-1.1.3.jar;C:\Users\lidam\.m2\repository\commons-codec\commons-codec\1.11\commons-codec-1.11.jar;C:\Users\lidam\.m2\repository\org\elasticsearch\securemock\1.2\securemock-1.2.jar;C:\Users\lidam\.m2\repository\org\elasticsearch\mocksocket\1.2\mocksocket-1.2.jar;"/>
    <property name="sun.cpu.endian" value="little"/>
    <property name="user.home" value="C:\Users\lidam"/>
    <property name="user.language" value="en"/>
    <property name="java.specification.vendor" value="Oracle Corporation"/>
    <property name="java.home" value="C:\Program Files\Java\jdk1.8.0_231\jre"/>
    <property name="basedir" value="C:\Users\lidam\Desktop\projects\cynet\docker-code\elasticsearchContainer"/>
    <property name="file.separator" value="\"/>
    <property name="line.separator" value="&#10;"/>
    <property name="java.vm.specification.vendor" value="Oracle Corporation"/>
    <property name="java.specification.name" value="Java Platform API Specification"/>
    <property name="java.awt.graphicsenv" value="sun.awt.Win32GraphicsEnvironment"/>
    <property name="surefire.real.class.path" value="C:\Users\lidam\AppData\Local\Temp\surefire6306804977964842945\surefirebooter1230323707945555146.jar"/>
    <property name="sun.boot.class.path" value="C:\Program Files\Java\jdk1.8.0_231\jre\lib\resources.jar;C:\Program Files\Java\jdk1.8.0_231\jre\lib\rt.jar;C:\Program Files\Java\jdk1.8.0_231\jre\lib\sunrsasign.jar;C:\Program Files\Java\jdk1.8.0_231\jre\lib\jsse.jar;C:\Program Files\Java\jdk1.8.0_231\jre\lib\jce.jar;C:\Program Files\Java\jdk1.8.0_231\jre\lib\charsets.jar;C:\Program Files\Java\jdk1.8.0_231\jre\lib\jfr.jar;C:\Program Files\Java\jdk1.8.0_231\jre\classes"/>
    <property name="user.script" value=""/>
    <property name="sun.management.compiler" value="HotSpot 64-Bit Tiered Compilers"/>
    <property name="java.runtime.version" value="1.8.0_231-b11"/>
    <property name="user.name" value="Hen Mor"/>
    <property name="path.separator" value=";"/>
    <property name="os.version" value="10.0"/>
    <property name="java.endorsed.dirs" value="C:\Program Files\Java\jdk1.8.0_231\jre\lib\endorsed"/>
    <property name="java.runtime.name" value="Java(TM) SE Runtime Environment"/>
    <property name="file.encoding" value="Cp1255"/>
    <property name="java.vm.name" value="Java HotSpot(TM) 64-Bit Server VM"/>
    <property name="localRepository" value="C:\Users\lidam\.m2\repository"/>
    <property name="java.vendor.url.bug" value="http://bugreport.sun.com/bugreport/"/>
    <property name="java.io.tmpdir" value="C:\Users\lidam\AppData\Local\Temp\"/>
    <property name="java.version" value="1.8.0_231"/>
    <property name="user.dir" value="C:\Users\lidam\Desktop\projects\cynet\docker-code\elasticsearchContainer"/>
    <property name="os.arch" value="amd64"/>
    <property name="java.vm.specification.name" value="Java Virtual Machine Specification"/>
    <property name="java.awt.printerjob" value="sun.awt.windows.WPrinterJob"/>
    <property name="sun.os.patch.level" value=""/>
    <property name="java.library.path" value="C:\Program Files\Java\jdk1.8.0_231\jre\bin;C:\WINDOWS\Sun\Java\bin;C:\WINDOWS\system32;C:\WINDOWS;C:\Program Files\AdoptOpenJDK\jdk-11.0.9.101-hotspot\bin;C:\Program Files (x86)\Common Files\Oracle\Java\javapath;C:\WINDOWS\system32;C:\WINDOWS;C:\WINDOWS\System32\Wbem;C:\WINDOWS\System32\WindowsPowerShell\v1.0\;C:\WINDOWS\System32\OpenSSH\;C:\Program Files (x86)\Microsoft SQL Server\150\DTS\Binn\;C:\Program Files\nodejs\;C:\Program Files (x86)\Windows Live\Shared;C:\Program Files\Git\cmd;C:\Program Files\Docker\Docker\resources\bin;C:\ProgramData\DockerDesktop\version-bin;C:\Program Files\apache-maven-3.6.3\bin;C:\Users\lidam\AppData\Local\Microsoft\WindowsApps;C:\Users\lidam\AppData\Roaming\npm;C:\Users\lidam\AppData\Local\GitHubDesktop\bin;C:\Users\lidam\AppData\Local\Microsoft\WindowsApps;;C:\Users\lidam\AppData\Local\Programs\Microsoft VS Code\bin;."/>
    <property name="java.vm.info" value="mixed mode"/>
    <property name="java.vendor" value="Oracle Corporation"/>
    <property name="java.vm.version" value="25.231-b11"/>
    <property name="java.ext.dirs" value="C:\Program Files\Java\jdk1.8.0_231\jre\lib\ext;C:\WINDOWS\Sun\Java\lib\ext"/>
    <property name="sun.io.unicode.encoding" value="UnicodeLittle"/>
    <property name="java.class.version" value="52.0"/>
  </properties>
  <testcase name="getSettingsTest" classname="Service.elasticsearchContainer.createIndexAPITests" time="1.039"/>
  <testcase name="getIndexTest" classname="Service.elasticsearchContainer.createIndexAPITests" time="0.006"/>
  <testcase name="getAliasTest" classname="Service.elasticsearchContainer.createIndexAPITests" time="0.008"/>
</testsuite>